# vsim -c tb_top -do "run -all; quit" -l ../sim/final_run.log 
# Start time: 00:39:11 on Jun 04,2026
# ** Note: (vsim-3812) Design is being optimized...
# ** Error: (vopt-13130) Failed to find design unit tb_top.
#         Searched libraries:
#             work
# Optimization failed
# ** Note: (vsim-12126) Error and warning message counts have been restored: Errors=1, Warnings=0.
# Error loading design
# End time: 00:39:14 on Jun 04,2026, Elapsed time: 0:00:03
# Errors: 1, Warnings: 0
cd "D:/SPRING_2026/ECE 510/project/m4/rtl"
vlib work
# ** Warning: (vlib-34) Library already exists at "work".
# Errors: 0, Warnings: 1
vlog -sv +acc compute_core.sv interface.sv top.sv ../tb/tb_top.sv
# QuestaSim-64 vlog 2021.1 Compiler 2021.01 Jan 19 2021
# Start time: 00:41:51 on Jun 04,2026
# vlog -reportprogress 300 -sv "+acc" compute_core.sv interface.sv top.sv ../tb/tb_top.sv 
# -- Compiling module compute_core
# -- Compiling module interface_mod
# -- Compiling module top
# -- Compiling module tb_top
# 
# Top level modules:
# 	tb_top
# End time: 00:41:51 on Jun 04,2026, Elapsed time: 0:00:00
# Errors: 0, Warnings: 0
vsim -c tb_top -do "run -all; quit" -l ../sim/final_run.log
# vsim -c tb_top -do "run -all; quit" -l ../sim/final_run.log 
# Start time: 00:41:51 on Jun 04,2026
# ** Note: (vsim-3812) Design is being optimized...
# Loading sv_std.std
# Loading work.tb_top(fast)
# Loading work.top(fast)
# Loading work.interface_mod(fast)
# Loading work.compute_core(fast)
# run -all
# === tb_top: M3 End-to-End Co-Simulation ===
# Test 1: 3x3 identity kernel, activations 1-9, expected acc=45
# 
# -- Streaming 9 beats through AXI4-Stream interface --
#   Beat 0: activation=1 weight=1 tlast=0
#   Beat 1: activation=2 weight=1 tlast=0
#   Beat 2: activation=3 weight=1 tlast=0
#   Beat 3: activation=4 weight=1 tlast=0
#   Beat 4: activation=5 weight=1 tlast=0
#   Beat 5: activation=6 weight=1 tlast=0
#   Beat 6: activation=7 weight=1 tlast=0
#   Beat 7: activation=8 weight=1 tlast=0
#   Beat 8: activation=9 weight=1 tlast=1
# 
# -- Checking result (sampled during last beat) --
#   Expected acc_out = 45
#   Got      acc_out = 45 (m_axis_tdata)
#   [PASS] Output matches expected value 45
#   [PASS] m_axis_tvalid asserted during transaction
# 
# -- Test 2: activations=[2,4,6], weights=[-1,-1,-1], expected=-12 --
#   Got acc_out = -12 (m_axis_tdata)
#   [PASS] Negative weight result correct
# 
# === Results: 3/3 PASS ===
# PASS
# ** Note: $finish    : ../tb/tb_top.sv(126)
#    Time: 186 ns  Iteration: 0  Instance: /tb_top
# 1
# Break in Module tb_top at ../tb/tb_top.sv line 126
#  quit
vsim tb_top
# End time: 00:43:12 on Jun 04,2026, Elapsed time: 0:01:21
# Errors: 0, Warnings: 0
# vsim tb_top 
# Start time: 00:43:12 on Jun 04,2026
# ** Note: (vsim-8009) Loading existing optimized design _opt
# Loading sv_std.std
# Loading work.tb_top(fast)
# Loading work.top(fast)
# Loading work.interface_mod(fast)
# Loading work.compute_core(fast)
add wave /tb_top/*
run -all
# === tb_top: M3 End-to-End Co-Simulation ===
# Test 1: 3x3 identity kernel, activations 1-9, expected acc=45
# 
# -- Streaming 9 beats through AXI4-Stream interface --
#   Beat 0: activation=1 weight=1 tlast=0
#   Beat 1: activation=2 weight=1 tlast=0
#   Beat 2: activation=3 weight=1 tlast=0
#   Beat 3: activation=4 weight=1 tlast=0
#   Beat 4: activation=5 weight=1 tlast=0
#   Beat 5: activation=6 weight=1 tlast=0
#   Beat 6: activation=7 weight=1 tlast=0
#   Beat 7: activation=8 weight=1 tlast=0
#   Beat 8: activation=9 weight=1 tlast=1
# 
# -- Checking result (sampled during last beat) --
#   Expected acc_out = 45
#   Got      acc_out = 45 (m_axis_tdata)
#   [PASS] Output matches expected value 45
#   [PASS] m_axis_tvalid asserted during transaction
# 
# -- Test 2: activations=[2,4,6], weights=[-1,-1,-1], expected=-12 --
#   Got acc_out = -12 (m_axis_tdata)
#   [PASS] Negative weight result correct
# 
# === Results: 3/3 PASS ===
# PASS
# ** Note: $finish    : ../tb/tb_top.sv(126)
#    Time: 186 ns  Iteration: 0  Instance: /tb_top
# 1
# Break in Module tb_top at ../tb/tb_top.sv line 126
# End time: 10:33:31 on Jun 04,2026, Elapsed time: 9:50:19
# Errors: 0, Warnings: 0
